non
in
et
#est
de
si
ad
quod
#qui
sed
a
an
ut
uel
cum
#que
ex
autem
enim
#esse
#eius*
#sibi
ergo
ab
quia
#sit
unde
quam
#se
#ait
item
#sunt
etiam
per
#illud*
uero
sine
nisi
ita
nec
#penitenciam
post
#queritur
#uxorem
sicut
#augustinus
#illa*
tamen
#his
#suae*
#hoc
#auctoritate
#peccatum
#coniugium
#peccata
#penitencia
#qua
sic
ante
#dicitur
#potest
#hinc
#probatur
#causa
#libro
#secundo
#deo
inter
quo
#possit
#uiro
#dicens
#suo*
#hic
postea
#secundum
#dominus
#ea*
#ecclesiae
#primum
#scribit
dum
#id*
#liceat
#auctoritatibus
quomodo
#domino
aut
#ei*
#sua*
#eo*
#etc
#eum*
#hec
propter
#quidam
siue
#aliud
#cui
#eorum*
#sint
#cuius
#eam*
#fuerit
#ille*
#eis*
#episcopus
pro
#quibus
quoque
super
atque
#dei
apud
contra
#suam*
#uitae
licet
#quem
#alia
itaque
#posse
#quis
#tantum
#episcopo
#fide
#peccato
#deus
#eos*
#esset
#idem
#intelligi
#modo
#peccati
#suum
#intelligitur
#sui*
#alterius
#apparet
#nulla
#aliis
#erat
namque
#papa
#prius
tunc
#alii
#apostolus
#consensu
ne
#uidetur
ideo
#intelligendum
#premissis
quamuis
uidelicet
#ambrosius
#augustini
#facit
#filii
#ieronimus
#illi*
#legitur
#nichil
#omnia
#omnibus
#uerum
#datur
#habet
#hac
#ecclesiam
#fieri
#filios
#poterit
#propria
similiter
#b
#concilio
#ecclesia
#gregorii
#ipsa
#probantur
#prohibetur
#suis*
aliquando
#auctoritas
ecce
#episcopum
#gregorius
#habere
#inuenitur
#lege
#oportet
#papae
#aliqua
#eodem
#illo*
nunc
#crimen
#domini
#hanc
